{"contracts/ERC20.sol":{"l":{"12":72,"13":72,"16":0,"19":0,"23":4,"27":7,"31":0,"35":28,"36":28,"37":28,"41":10,"43":10,"47":17,"48":17,"49":17,"50":17},"path":"/Users/ipromise/Desktop/311551185-bdaf-lab4/contracts/ERC20.sol","s":{"1":0,"2":0,"3":4,"4":7,"5":0,"6":28,"7":28,"8":10,"9":17,"10":17},"b":{},"f":{"1":72,"2":0,"3":0,"4":4,"5":7,"6":0,"7":28,"8":10,"9":17},"fnMap":{"1":{"name":"constructor","line":11,"loc":{"start":{"line":11,"column":4},"end":{"line":14,"column":4}}},"2":{"name":"decimals","line":15,"loc":{"start":{"line":15,"column":4},"end":{"line":17,"column":4}}},"3":{"name":"totalSupply","line":18,"loc":{"start":{"line":18,"column":4},"end":{"line":20,"column":4}}},"4":{"name":"balanceOf","line":22,"loc":{"start":{"line":22,"column":4},"end":{"line":24,"column":4}}},"5":{"name":"transfer","line":26,"loc":{"start":{"line":26,"column":4},"end":{"line":28,"column":4}}},"6":{"name":"allowance","line":30,"loc":{"start":{"line":30,"column":4},"end":{"line":32,"column":4}}},"7":{"name":"approve","line":34,"loc":{"start":{"line":34,"column":4},"end":{"line":38,"column":4}}},"8":{"name":"transferFrom","line":40,"loc":{"start":{"line":40,"column":4},"end":{"line":44,"column":4}}},"9":{"name":"_transfer","line":46,"loc":{"start":{"line":46,"column":4},"end":{"line":51,"column":4}}}},"statementMap":{"1":{"start":{"line":16,"column":8},"end":{"line":16,"column":16}},"2":{"start":{"line":19,"column":8},"end":{"line":19,"column":27}},"3":{"start":{"line":23,"column":8},"end":{"line":23,"column":36}},"4":{"start":{"line":27,"column":8},"end":{"line":27,"column":48}},"5":{"start":{"line":31,"column":8},"end":{"line":31,"column":44}},"6":{"start":{"line":36,"column":8},"end":{"line":36,"column":50}},"7":{"start":{"line":37,"column":8},"end":{"line":37,"column":19}},"8":{"start":{"line":43,"column":8},"end":{"line":43,"column":42}},"9":{"start":{"line":49,"column":8},"end":{"line":49,"column":39}},"10":{"start":{"line":50,"column":8},"end":{"line":50,"column":19}}},"branchMap":{}},"contracts/Proxy.sol":{"l":{"11":9,"16":10,"17":8,"21":12,"22":12,"27":13,"28":13,"33":9,"34":9,"39":4,"40":4,"47":4,"52":4,"57":2,"62":2,"66":7,"80":3,"81":3,"82":3,"85":4,"86":4,"87":4,"88":4,"92":7,"96":7,"100":0},"path":"/Users/ipromise/Desktop/311551185-bdaf-lab4/contracts/Proxy.sol","s":{"1":9,"2":10,"3":12,"4":13,"5":9,"6":4,"7":4,"8":4,"9":2,"10":2,"11":3,"12":3,"13":3,"14":4,"15":4,"16":4,"17":4,"18":7,"19":7},"b":{"1":[8,2],"2":[4,1],"3":[4,1],"4":[3,0],"5":[4,0]},"f":{"1":9,"2":10,"3":12,"4":13,"5":9,"6":4,"7":4,"8":4,"9":2,"10":2,"11":7,"12":3,"13":4,"14":7,"15":7},"fnMap":{"1":{"name":"constructor","line":10,"loc":{"start":{"line":10,"column":4},"end":{"line":12,"column":4}}},"2":{"name":"ifAdmin","line":14,"loc":{"start":{"line":14,"column":4},"end":{"line":18,"column":4}}},"3":{"name":"_getAdmin","line":20,"loc":{"start":{"line":20,"column":4},"end":{"line":25,"column":4}}},"4":{"name":"_setAdmin","line":26,"loc":{"start":{"line":26,"column":4},"end":{"line":31,"column":4}}},"5":{"name":"_getImplementation","line":32,"loc":{"start":{"line":32,"column":4},"end":{"line":37,"column":4}}},"6":{"name":"_setImplementation","line":38,"loc":{"start":{"line":38,"column":4},"end":{"line":43,"column":4}}},"7":{"name":"changeAdmin","line":45,"loc":{"start":{"line":45,"column":4},"end":{"line":48,"column":4}}},"8":{"name":"upgradeTo","line":50,"loc":{"start":{"line":50,"column":4},"end":{"line":53,"column":4}}},"9":{"name":"admin","line":55,"loc":{"start":{"line":55,"column":4},"end":{"line":58,"column":4}}},"10":{"name":"implementation","line":60,"loc":{"start":{"line":60,"column":5},"end":{"line":63,"column":4}}},"11":{"name":"_delegate","line":65,"loc":{"start":{"line":65,"column":4},"end":{"line":78,"column":4}}},"12":{"name":"callInitialize","line":79,"loc":{"start":{"line":79,"column":4},"end":{"line":83,"column":4}}},"13":{"name":"getImplementationOwner","line":84,"loc":{"start":{"line":84,"column":4},"end":{"line":89,"column":4}}},"14":{"name":"_fallback","line":91,"loc":{"start":{"line":91,"column":4},"end":{"line":93,"column":4}}},"15":{"name":null,"line":95,"loc":{"start":{"line":95,"column":4},"end":{"line":97,"column":4}}}},"statementMap":{"1":{"start":{"line":11,"column":8},"end":{"line":11,"column":28}},"2":{"start":{"line":16,"column":8},"end":{"line":16,"column":78}},"3":{"start":{"line":21,"column":8},"end":{"line":21,"column":45}},"4":{"start":{"line":27,"column":8},"end":{"line":27,"column":45}},"5":{"start":{"line":33,"column":8},"end":{"line":33,"column":49}},"6":{"start":{"line":39,"column":8},"end":{"line":39,"column":49}},"7":{"start":{"line":47,"column":8},"end":{"line":47,"column":24}},"8":{"start":{"line":52,"column":8},"end":{"line":52,"column":42}},"9":{"start":{"line":57,"column":8},"end":{"line":57,"column":26}},"10":{"start":{"line":62,"column":8},"end":{"line":62,"column":35}},"11":{"start":{"line":80,"column":8},"end":{"line":80,"column":85}},"12":{"start":{"line":81,"column":8},"end":{"line":81,"column":61}},"13":{"start":{"line":82,"column":8},"end":{"line":82,"column":38}},"14":{"start":{"line":85,"column":8},"end":{"line":85,"column":68}},"15":{"start":{"line":86,"column":8},"end":{"line":86,"column":81}},"16":{"start":{"line":87,"column":8},"end":{"line":87,"column":38}},"17":{"start":{"line":88,"column":8},"end":{"line":88,"column":44}},"18":{"start":{"line":92,"column":8},"end":{"line":92,"column":38}},"19":{"start":{"line":96,"column":8},"end":{"line":96,"column":18}}},"branchMap":{"1":{"line":16,"type":"if","locations":[{"start":{"line":16,"column":8},"end":{"line":16,"column":8}},{"start":{"line":16,"column":8},"end":{"line":16,"column":8}}]},"2":{"line":45,"type":"if","locations":[{"start":{"line":45,"column":50},"end":{"line":45,"column":50}},{"start":{"line":45,"column":50},"end":{"line":45,"column":50}}]},"3":{"line":50,"type":"if","locations":[{"start":{"line":50,"column":57},"end":{"line":50,"column":57}},{"start":{"line":50,"column":57},"end":{"line":50,"column":57}}]},"4":{"line":82,"type":"if","locations":[{"start":{"line":82,"column":8},"end":{"line":82,"column":8}},{"start":{"line":82,"column":8},"end":{"line":82,"column":8}}]},"5":{"line":87,"type":"if","locations":[{"start":{"line":87,"column":8},"end":{"line":87,"column":8}},{"start":{"line":87,"column":8},"end":{"line":87,"column":8}}]}}},"contracts/Safe.sol":{"l":{"14":31,"18":1,"21":8,"22":7,"23":6,"24":6,"25":6,"26":6,"31":3,"32":2,"33":1,"34":1,"38":2,"39":1,"40":1,"41":1,"45":3,"48":2},"path":"/Users/ipromise/Desktop/311551185-bdaf-lab4/contracts/Safe.sol","s":{"1":1,"2":8,"3":7,"4":6,"5":6,"6":3,"7":2,"8":1,"9":2,"10":1,"11":1,"12":3,"13":2},"b":{"1":[7,1],"2":[6,1],"3":[6,0],"4":[2,1],"5":[1,1],"6":[1,0],"7":[1,1],"8":[1,0]},"f":{"1":31,"2":1,"3":8,"4":3,"5":2,"6":3,"7":2},"fnMap":{"1":{"name":"constructor","line":12,"loc":{"start":{"line":12,"column":4},"end":{"line":15,"column":4}}},"2":{"name":"getOwner","line":16,"loc":{"start":{"line":16,"column":4},"end":{"line":19,"column":4}}},"3":{"name":"deposit","line":20,"loc":{"start":{"line":20,"column":4},"end":{"line":28,"column":4}}},"4":{"name":"withdraw","line":30,"loc":{"start":{"line":30,"column":4},"end":{"line":35,"column":4}}},"5":{"name":"takeFee","line":37,"loc":{"start":{"line":37,"column":4},"end":{"line":42,"column":4}}},"6":{"name":"getBalance","line":44,"loc":{"start":{"line":44,"column":4},"end":{"line":46,"column":4}}},"7":{"name":"getFees","line":47,"loc":{"start":{"line":47,"column":4},"end":{"line":49,"column":4}}}},"statementMap":{"1":{"start":{"line":18,"column":8},"end":{"line":18,"column":20}},"2":{"start":{"line":21,"column":8},"end":{"line":21,"column":59}},"3":{"start":{"line":22,"column":8},"end":{"line":22,"column":67}},"4":{"start":{"line":23,"column":8},"end":{"line":23,"column":37}},"5":{"start":{"line":26,"column":8},"end":{"line":26,"column":102}},"6":{"start":{"line":31,"column":8},"end":{"line":31,"column":59}},"7":{"start":{"line":32,"column":8},"end":{"line":32,"column":86}},"8":{"start":{"line":34,"column":8},"end":{"line":34,"column":83}},"9":{"start":{"line":38,"column":8},"end":{"line":38,"column":63}},"10":{"start":{"line":39,"column":8},"end":{"line":39,"column":36}},"11":{"start":{"line":41,"column":8},"end":{"line":41,"column":82}},"12":{"start":{"line":45,"column":8},"end":{"line":45,"column":42}},"13":{"start":{"line":48,"column":8},"end":{"line":48,"column":26}}},"branchMap":{"1":{"line":21,"type":"if","locations":[{"start":{"line":21,"column":8},"end":{"line":21,"column":8}},{"start":{"line":21,"column":8},"end":{"line":21,"column":8}}]},"2":{"line":22,"type":"if","locations":[{"start":{"line":22,"column":8},"end":{"line":22,"column":8}},{"start":{"line":22,"column":8},"end":{"line":22,"column":8}}]},"3":{"line":26,"type":"if","locations":[{"start":{"line":26,"column":8},"end":{"line":26,"column":8}},{"start":{"line":26,"column":8},"end":{"line":26,"column":8}}]},"4":{"line":31,"type":"if","locations":[{"start":{"line":31,"column":8},"end":{"line":31,"column":8}},{"start":{"line":31,"column":8},"end":{"line":31,"column":8}}]},"5":{"line":32,"type":"if","locations":[{"start":{"line":32,"column":8},"end":{"line":32,"column":8}},{"start":{"line":32,"column":8},"end":{"line":32,"column":8}}]},"6":{"line":34,"type":"if","locations":[{"start":{"line":34,"column":8},"end":{"line":34,"column":8}},{"start":{"line":34,"column":8},"end":{"line":34,"column":8}}]},"7":{"line":38,"type":"if","locations":[{"start":{"line":38,"column":8},"end":{"line":38,"column":8}},{"start":{"line":38,"column":8},"end":{"line":38,"column":8}}]},"8":{"line":41,"type":"if","locations":[{"start":{"line":41,"column":8},"end":{"line":41,"column":8}},{"start":{"line":41,"column":8},"end":{"line":41,"column":8}}]}}},"contracts/SafeFactory.sol":{"l":{"15":21,"19":9,"20":8,"32":8,"37":3,"38":3,"39":3,"40":3,"41":3,"42":3,"47":1,"48":1},"path":"/Users/ipromise/Desktop/311551185-bdaf-lab4/contracts/SafeFactory.sol","s":{"1":9,"2":3,"3":3,"4":3,"5":3,"6":1},"b":{"1":[8,1],"2":[8,1]},"f":{"1":21,"2":9,"3":8,"4":3,"5":1},"fnMap":{"1":{"name":"constructor","line":14,"loc":{"start":{"line":14,"column":4},"end":{"line":16,"column":4}}},"2":{"name":"onlyOwner","line":18,"loc":{"start":{"line":18,"column":4},"end":{"line":21,"column":4}}},"3":{"name":"updateImplementation","line":30,"loc":{"start":{"line":30,"column":4},"end":{"line":33,"column":4}}},"4":{"name":"deploySafeProxy","line":35,"loc":{"start":{"line":35,"column":4},"end":{"line":43,"column":4}}},"5":{"name":"deploySafe","line":45,"loc":{"start":{"line":45,"column":4},"end":{"line":49,"column":4}}}},"statementMap":{"1":{"start":{"line":19,"column":8},"end":{"line":19,"column":66}},"2":{"start":{"line":37,"column":8},"end":{"line":37,"column":33}},"3":{"start":{"line":39,"column":8},"end":{"line":39,"column":42}},"4":{"start":{"line":40,"column":8},"end":{"line":40,"column":47}},"5":{"start":{"line":42,"column":8},"end":{"line":42,"column":36}},"6":{"start":{"line":47,"column":8},"end":{"line":47,"column":35}}},"branchMap":{"1":{"line":19,"type":"if","locations":[{"start":{"line":19,"column":8},"end":{"line":19,"column":8}},{"start":{"line":19,"column":8},"end":{"line":19,"column":8}}]},"2":{"line":30,"type":"if","locations":[{"start":{"line":30,"column":59},"end":{"line":30,"column":59}},{"start":{"line":30,"column":59},"end":{"line":30,"column":59}}]}}},"contracts/SafeUpgradeable.sol":{"l":{"14":12,"16":11,"17":11,"21":4,"24":7,"25":6,"26":5,"27":4,"28":4,"29":4,"30":4,"35":3,"36":2,"37":1,"38":0,"39":0,"43":4,"44":2,"45":1,"46":1,"47":1,"51":2,"52":1,"55":3,"56":2},"path":"/Users/ipromise/Desktop/311551185-bdaf-lab4/contracts/SafeUpgradeable.sol","s":{"1":12,"2":4,"3":7,"4":6,"5":5,"6":4,"7":4,"8":3,"9":2,"10":1,"11":0,"12":4,"13":2,"14":1,"15":1,"16":2,"17":1,"18":3,"19":2},"b":{"1":[11,1],"2":[6,1],"3":[5,1],"4":[4,1],"5":[4,0],"6":[2,1],"7":[1,1],"8":[0,1],"9":[0,0],"10":[2,2],"11":[1,1],"12":[1,0],"13":[1,1],"14":[2,1]},"f":{"1":12,"2":4,"3":7,"4":3,"5":4,"6":2,"7":3},"fnMap":{"1":{"name":"initialize","line":13,"loc":{"start":{"line":13,"column":4},"end":{"line":18,"column":4}}},"2":{"name":"getOwner","line":19,"loc":{"start":{"line":19,"column":4},"end":{"line":22,"column":4}}},"3":{"name":"deposit","line":23,"loc":{"start":{"line":23,"column":4},"end":{"line":32,"column":4}}},"4":{"name":"withdraw","line":34,"loc":{"start":{"line":34,"column":4},"end":{"line":40,"column":4}}},"5":{"name":"takeFee","line":42,"loc":{"start":{"line":42,"column":4},"end":{"line":48,"column":4}}},"6":{"name":"getBalance","line":50,"loc":{"start":{"line":50,"column":4},"end":{"line":53,"column":4}}},"7":{"name":"getFees","line":54,"loc":{"start":{"line":54,"column":4},"end":{"line":57,"column":4}}}},"statementMap":{"1":{"start":{"line":14,"column":8},"end":{"line":14,"column":52}},"2":{"start":{"line":21,"column":8},"end":{"line":21,"column":20}},"3":{"start":{"line":24,"column":8},"end":{"line":24,"column":56}},"4":{"start":{"line":25,"column":8},"end":{"line":25,"column":59}},"5":{"start":{"line":26,"column":8},"end":{"line":26,"column":67}},"6":{"start":{"line":27,"column":8},"end":{"line":27,"column":37}},"7":{"start":{"line":30,"column":8},"end":{"line":30,"column":102}},"8":{"start":{"line":35,"column":8},"end":{"line":35,"column":56}},"9":{"start":{"line":36,"column":8},"end":{"line":36,"column":59}},"10":{"start":{"line":37,"column":8},"end":{"line":37,"column":86}},"11":{"start":{"line":39,"column":8},"end":{"line":39,"column":83}},"12":{"start":{"line":43,"column":8},"end":{"line":43,"column":56}},"13":{"start":{"line":44,"column":8},"end":{"line":44,"column":63}},"14":{"start":{"line":45,"column":8},"end":{"line":45,"column":36}},"15":{"start":{"line":47,"column":8},"end":{"line":47,"column":82}},"16":{"start":{"line":51,"column":8},"end":{"line":51,"column":56}},"17":{"start":{"line":52,"column":8},"end":{"line":52,"column":42}},"18":{"start":{"line":55,"column":8},"end":{"line":55,"column":56}},"19":{"start":{"line":56,"column":8},"end":{"line":56,"column":26}}},"branchMap":{"1":{"line":14,"type":"if","locations":[{"start":{"line":14,"column":8},"end":{"line":14,"column":8}},{"start":{"line":14,"column":8},"end":{"line":14,"column":8}}]},"2":{"line":24,"type":"if","locations":[{"start":{"line":24,"column":8},"end":{"line":24,"column":8}},{"start":{"line":24,"column":8},"end":{"line":24,"column":8}}]},"3":{"line":25,"type":"if","locations":[{"start":{"line":25,"column":8},"end":{"line":25,"column":8}},{"start":{"line":25,"column":8},"end":{"line":25,"column":8}}]},"4":{"line":26,"type":"if","locations":[{"start":{"line":26,"column":8},"end":{"line":26,"column":8}},{"start":{"line":26,"column":8},"end":{"line":26,"column":8}}]},"5":{"line":30,"type":"if","locations":[{"start":{"line":30,"column":8},"end":{"line":30,"column":8}},{"start":{"line":30,"column":8},"end":{"line":30,"column":8}}]},"6":{"line":35,"type":"if","locations":[{"start":{"line":35,"column":8},"end":{"line":35,"column":8}},{"start":{"line":35,"column":8},"end":{"line":35,"column":8}}]},"7":{"line":36,"type":"if","locations":[{"start":{"line":36,"column":8},"end":{"line":36,"column":8}},{"start":{"line":36,"column":8},"end":{"line":36,"column":8}}]},"8":{"line":37,"type":"if","locations":[{"start":{"line":37,"column":8},"end":{"line":37,"column":8}},{"start":{"line":37,"column":8},"end":{"line":37,"column":8}}]},"9":{"line":39,"type":"if","locations":[{"start":{"line":39,"column":8},"end":{"line":39,"column":8}},{"start":{"line":39,"column":8},"end":{"line":39,"column":8}}]},"10":{"line":43,"type":"if","locations":[{"start":{"line":43,"column":8},"end":{"line":43,"column":8}},{"start":{"line":43,"column":8},"end":{"line":43,"column":8}}]},"11":{"line":44,"type":"if","locations":[{"start":{"line":44,"column":8},"end":{"line":44,"column":8}},{"start":{"line":44,"column":8},"end":{"line":44,"column":8}}]},"12":{"line":47,"type":"if","locations":[{"start":{"line":47,"column":8},"end":{"line":47,"column":8}},{"start":{"line":47,"column":8},"end":{"line":47,"column":8}}]},"13":{"line":51,"type":"if","locations":[{"start":{"line":51,"column":8},"end":{"line":51,"column":8}},{"start":{"line":51,"column":8},"end":{"line":51,"column":8}}]},"14":{"line":55,"type":"if","locations":[{"start":{"line":55,"column":8},"end":{"line":55,"column":8}},{"start":{"line":55,"column":8},"end":{"line":55,"column":8}}]}}}}