TN:
SF:/Users/ipromise/Desktop/NYCU0/blockchain/Lab4/contracts/ERC20.sol
FN:11,constructor
FN:15,decimals
FN:18,totalSupply
FN:22,balanceOf
FN:26,transfer
FN:30,allowance
FN:34,approve
FN:40,transferFrom
FN:46,_transfer
FNF:9
FNH:6
FNDA:24,constructor
FNDA:0,decimals
FNDA:0,totalSupply
FNDA:2,balanceOf
FNDA:1,transfer
FNDA:0,allowance
FNDA:8,approve
FNDA:2,transferFrom
FNDA:3,_transfer
DA:12,24
DA:13,24
DA:16,0
DA:19,0
DA:23,2
DA:27,1
DA:31,0
DA:35,8
DA:36,8
DA:37,8
DA:41,2
DA:43,2
DA:47,3
DA:48,3
DA:49,3
DA:50,3
LF:16
LH:13
BRF:0
BRH:0
end_of_record
TN:
SF:/Users/ipromise/Desktop/NYCU0/blockchain/Lab4/contracts/Proxy.sol
FN:10,constructor
FN:14,ifAdmin
FN:24,_getAdmin
FN:30,_setAdmin
FN:36,_getImplementation
FN:42,_setImplementation
FN:49,changeAdmin
FN:54,upgradeTo
FN:59,admin
FN:64,implementation
FN:69,_delegate
FN:83,callInitialize
FN:88,getImplementationOwner
FN:95,_fallback
FN:99,
FNF:15
FNH:15
FNDA:3,constructor
FNDA:6,ifAdmin
FNDA:7,_getAdmin
FNDA:6,_setAdmin
FNDA:8,_getImplementation
FNDA:3,_setImplementation
FNDA:3,changeAdmin
FNDA:3,upgradeTo
FNDA:1,admin
FNDA:1,implementation
FNDA:7,_delegate
FNDA:3,callInitialize
FNDA:4,getImplementationOwner
FNDA:7,_fallback
FNDA:7,
DA:11,3
DA:16,6
DA:17,6
DA:20,0
DA:25,7
DA:26,7
DA:31,6
DA:32,6
DA:37,8
DA:38,8
DA:43,3
DA:44,3
DA:51,3
DA:56,3
DA:61,1
DA:66,1
DA:70,7
DA:84,3
DA:85,3
DA:86,3
DA:89,4
DA:90,4
DA:91,4
DA:92,4
DA:96,7
DA:100,7
DA:104,0
LF:27
LH:25
BRDA:16,1,0,6
BRDA:16,1,1,0
BRDA:49,2,0,3
BRDA:49,2,1,0
BRDA:54,3,0,3
BRDA:54,3,1,0
BRDA:86,4,0,3
BRDA:86,4,1,0
BRDA:91,5,0,4
BRDA:91,5,1,0
BRF:10
BRH:5
end_of_record
TN:
SF:/Users/ipromise/Desktop/NYCU0/blockchain/Lab4/contracts/Safe.sol
FN:14,initialize
FN:20,getOwner
FN:24,deposit
FN:35,withdraw
FN:43,takeFee
FN:51,getBalance
FN:55,getFees
FNF:7
FNH:7
FNDA:7,initialize
FNDA:1,getOwner
FNDA:3,deposit
FNDA:1,withdraw
FNDA:4,takeFee
FNDA:1,getBalance
FNDA:2,getFees
DA:15,7
DA:17,6
DA:18,6
DA:22,1
DA:25,3
DA:26,2
DA:27,2
DA:28,2
DA:29,2
DA:30,2
DA:31,2
DA:36,1
DA:37,0
DA:38,0
DA:39,0
DA:40,0
DA:44,4
DA:45,2
DA:46,1
DA:47,1
DA:48,1
DA:52,1
DA:53,1
DA:56,2
DA:57,2
LF:25
LH:21
BRDA:15,1,0,6
BRDA:15,1,1,1
BRDA:25,2,0,2
BRDA:25,2,1,1
BRDA:26,3,0,2
BRDA:26,3,1,0
BRDA:27,4,0,2
BRDA:27,4,1,0
BRDA:31,5,0,2
BRDA:31,5,1,0
BRDA:36,6,0,0
BRDA:36,6,1,1
BRDA:37,7,0,0
BRDA:37,7,1,0
BRDA:38,8,0,0
BRDA:38,8,1,0
BRDA:40,9,0,0
BRDA:40,9,1,0
BRDA:44,10,0,2
BRDA:44,10,1,2
BRDA:45,11,0,1
BRDA:45,11,1,1
BRDA:48,12,0,1
BRDA:48,12,1,0
BRDA:52,13,0,1
BRDA:52,13,1,0
BRDA:56,14,0,2
BRDA:56,14,1,0
BRF:28
BRH:15
end_of_record
TN:
SF:/Users/ipromise/Desktop/NYCU0/blockchain/Lab4/contracts/SafeFactory.sol
FN:14,constructor
FN:18,onlyOwner
FN:30,updateImplementation
FN:35,deploySafeProxy
FN:45,deploySafe
FNF:5
FNH:5
FNDA:12,constructor
FNDA:5,onlyOwner
FNDA:5,updateImplementation
FNDA:3,deploySafeProxy
FNDA:1,deploySafe
DA:15,12
DA:19,5
DA:20,5
DA:32,5
DA:37,3
DA:38,3
DA:39,3
DA:40,3
DA:41,3
DA:42,3
DA:47,1
DA:48,1
DA:49,1
LF:13
LH:13
BRDA:19,1,0,5
BRDA:19,1,1,0
BRDA:30,2,0,5
BRDA:30,2,1,0
BRF:4
BRH:2
end_of_record
TN:
SF:/Users/ipromise/Desktop/NYCU0/blockchain/Lab4/contracts/SafeUpgradeable.sol
FN:13,initialize
FN:19,getOwner
FN:23,deposit
FN:34,withdraw
FN:42,takeFee
FN:50,getBalance
FN:54,getFees
FNF:7
FNH:2
FNDA:2,initialize
FNDA:3,getOwner
FNDA:0,deposit
FNDA:0,withdraw
FNDA:0,takeFee
FNDA:0,getBalance
FNDA:0,getFees
DA:14,2
DA:16,2
DA:17,2
DA:21,3
DA:24,0
DA:25,0
DA:26,0
DA:27,0
DA:28,0
DA:29,0
DA:30,0
DA:35,0
DA:36,0
DA:37,0
DA:38,0
DA:39,0
DA:43,0
DA:44,0
DA:45,0
DA:46,0
DA:47,0
DA:51,0
DA:52,0
DA:55,0
DA:56,0
LF:25
LH:4
BRDA:14,1,0,2
BRDA:14,1,1,0
BRDA:24,2,0,0
BRDA:24,2,1,0
BRDA:25,3,0,0
BRDA:25,3,1,0
BRDA:26,4,0,0
BRDA:26,4,1,0
BRDA:30,5,0,0
BRDA:30,5,1,0
BRDA:35,6,0,0
BRDA:35,6,1,0
BRDA:36,7,0,0
BRDA:36,7,1,0
BRDA:37,8,0,0
BRDA:37,8,1,0
BRDA:39,9,0,0
BRDA:39,9,1,0
BRDA:43,10,0,0
BRDA:43,10,1,0
BRDA:44,11,0,0
BRDA:44,11,1,0
BRDA:47,12,0,0
BRDA:47,12,1,0
BRDA:51,13,0,0
BRDA:51,13,1,0
BRDA:55,14,0,0
BRDA:55,14,1,0
BRF:28
BRH:1
end_of_record
