TN:
SF:/Users/ipromise/Desktop/311551185-bdaf-lab4/contracts/ERC20.sol
FN:11,constructor
FN:15,decimals
FN:18,totalSupply
FN:22,balanceOf
FN:26,transfer
FN:30,allowance
FN:34,approve
FN:40,transferFrom
FN:46,_transfer
FNF:9
FNH:6
FNDA:96,constructor
FNDA:0,decimals
FNDA:0,totalSupply
FNDA:4,balanceOf
FNDA:11,transfer
FNDA:0,allowance
FNDA:35,approve
FNDA:13,transferFrom
FNDA:22,_transfer
DA:12,96
DA:13,96
DA:16,0
DA:19,0
DA:23,4
DA:27,11
DA:31,0
DA:35,35
DA:36,35
DA:37,35
DA:41,13
DA:43,11
DA:47,22
DA:48,22
DA:49,22
DA:50,22
LF:16
LH:13
BRF:0
BRH:0
end_of_record
TN:
SF:/Users/ipromise/Desktop/311551185-bdaf-lab4/contracts/Proxy.sol
FN:10,constructor
FN:14,ifAdmin
FN:20,_getAdmin
FN:26,_setAdmin
FN:32,_getImplementation
FN:38,_setImplementation
FN:45,changeAdmin
FN:50,upgradeTo
FN:55,admin
FN:60,implementation
FN:65,_delegate
FN:79,callInitialize
FN:84,getImplementationOwner
FN:91,_fallback
FN:95,
FNF:15
FNH:15
FNDA:15,constructor
FNDA:10,ifAdmin
FNDA:12,_getAdmin
FNDA:19,_setAdmin
FNDA:9,_getImplementation
FNDA:4,_setImplementation
FNDA:4,changeAdmin
FNDA:4,upgradeTo
FNDA:2,admin
FNDA:2,implementation
FNDA:7,_delegate
FNDA:4,callInitialize
FNDA:5,getImplementationOwner
FNDA:7,_fallback
FNDA:7,
DA:11,15
DA:16,10
DA:17,8
DA:21,12
DA:22,12
DA:27,19
DA:28,19
DA:33,9
DA:34,9
DA:39,4
DA:40,4
DA:47,4
DA:52,4
DA:57,2
DA:62,2
DA:66,7
DA:80,4
DA:81,4
DA:82,4
DA:85,5
DA:86,5
DA:87,5
DA:88,4
DA:92,7
DA:96,7
DA:100,0
LF:26
LH:25
BRDA:16,1,0,8
BRDA:16,1,1,2
BRDA:45,2,0,4
BRDA:45,2,1,1
BRDA:50,3,0,4
BRDA:50,3,1,1
BRDA:82,4,0,3
BRDA:82,4,1,1
BRDA:87,5,0,4
BRDA:87,5,1,1
BRF:10
BRH:10
end_of_record
TN:
SF:/Users/ipromise/Desktop/311551185-bdaf-lab4/contracts/Safe.sol
FN:12,constructor
FN:16,getOwner
FN:20,deposit
FN:30,withdraw
FN:37,takeFee
FN:44,getBalance
FN:47,getFees
FNF:7
FNH:7
FNDA:40,constructor
FNDA:1,getOwner
FNDA:9,deposit
FNDA:4,withdraw
FNDA:3,takeFee
FNDA:3,getBalance
FNDA:2,getFees
DA:14,40
DA:18,1
DA:21,9
DA:22,8
DA:23,7
DA:24,7
DA:25,7
DA:26,7
DA:31,4
DA:32,2
DA:33,1
DA:34,1
DA:38,3
DA:39,2
DA:40,2
DA:41,2
DA:45,3
DA:48,2
LF:18
LH:18
BRDA:21,1,0,8
BRDA:21,1,1,1
BRDA:22,2,0,7
BRDA:22,2,1,1
BRDA:26,3,0,6
BRDA:26,3,1,1
BRDA:31,4,0,2
BRDA:31,4,1,2
BRDA:32,5,0,1
BRDA:32,5,1,1
BRDA:34,6,0,1
BRDA:34,6,1,0
BRDA:38,7,0,2
BRDA:38,7,1,1
BRDA:41,8,0,1
BRDA:41,8,1,1
BRF:16
BRH:15
end_of_record
TN:
SF:/Users/ipromise/Desktop/311551185-bdaf-lab4/contracts/SafeFactory.sol
FN:14,constructor
FN:18,onlyOwner
FN:30,updateImplementation
FN:35,deploySafeProxy
FN:45,deploySafe
FNF:5
FNH:5
FNDA:27,constructor
FNDA:11,onlyOwner
FNDA:10,updateImplementation
FNDA:3,deploySafeProxy
FNDA:1,deploySafe
DA:15,27
DA:19,11
DA:20,10
DA:32,10
DA:37,3
DA:38,3
DA:39,3
DA:40,3
DA:41,3
DA:42,3
DA:47,1
DA:48,1
LF:12
LH:12
BRDA:19,1,0,10
BRDA:19,1,1,1
BRDA:30,2,0,10
BRDA:30,2,1,1
BRF:4
BRH:4
end_of_record
TN:
SF:/Users/ipromise/Desktop/311551185-bdaf-lab4/contracts/SafeUpgradeable.sol
FN:13,initialize
FN:19,getOwner
FN:23,deposit
FN:34,withdraw
FN:42,takeFee
FN:50,getBalance
FN:54,getFees
FNF:7
FNH:7
FNDA:14,initialize
FNDA:4,getOwner
FNDA:9,deposit
FNDA:4,withdraw
FNDA:5,takeFee
FNDA:3,getBalance
FNDA:3,getFees
DA:14,14
DA:16,13
DA:17,13
DA:21,4
DA:24,9
DA:25,8
DA:26,7
DA:27,6
DA:28,6
DA:29,6
DA:30,6
DA:35,4
DA:36,3
DA:37,2
DA:38,1
DA:39,1
DA:43,5
DA:44,2
DA:45,1
DA:46,1
DA:47,1
DA:51,3
DA:52,2
DA:55,3
DA:56,2
LF:25
LH:25
BRDA:14,1,0,13
BRDA:14,1,1,1
BRDA:24,2,0,8
BRDA:24,2,1,1
BRDA:25,3,0,7
BRDA:25,3,1,1
BRDA:26,4,0,6
BRDA:26,4,1,1
BRDA:30,5,0,5
BRDA:30,5,1,1
BRDA:35,6,0,3
BRDA:35,6,1,1
BRDA:36,7,0,2
BRDA:36,7,1,1
BRDA:37,8,0,1
BRDA:37,8,1,1
BRDA:39,9,0,1
BRDA:39,9,1,0
BRDA:43,10,0,2
BRDA:43,10,1,3
BRDA:44,11,0,1
BRDA:44,11,1,1
BRDA:47,12,0,1
BRDA:47,12,1,0
BRDA:51,13,0,2
BRDA:51,13,1,1
BRDA:55,14,0,2
BRDA:55,14,1,1
BRF:28
BRH:26
end_of_record
